{"C:\\Users\\einsy\\Desktop\\TempFiles\\netology00\\src\\health.js": {"path":"C:\\Users\\einsy\\Desktop\\TempFiles\\netology00\\src\\health.js","statementMap":{"0":{"start":{"line":2,"column":16},"end":{"line":2,"column":26}},"1":{"start":{"line":3,"column":4},"end":{"line":5,"column":27}},"2":{"start":{"line":3,"column":20},"end":{"line":3,"column":37}},"3":{"start":{"line":4,"column":9},"end":{"line":5,"column":27}},"4":{"start":{"line":4,"column":40},"end":{"line":4,"column":57}},"5":{"start":{"line":5,"column":9},"end":{"line":5,"column":27}}},"fnMap":{"0":{"name":"healthcheck","decl":{"start":{"line":1,"column":9},"end":{"line":1,"column":20}},"loc":{"start":{"line":1,"column":26},"end":{"line":6,"column":1}},"line":1}},"branchMap":{"0":{"loc":{"start":{"line":3,"column":4},"end":{"line":5,"column":27}},"type":"if","locations":[{"start":{"line":3,"column":4},"end":{"line":5,"column":27}},{"start":{"line":4,"column":9},"end":{"line":5,"column":27}}],"line":3},"1":{"loc":{"start":{"line":4,"column":9},"end":{"line":5,"column":27}},"type":"if","locations":[{"start":{"line":4,"column":9},"end":{"line":5,"column":27}},{"start":{"line":5,"column":9},"end":{"line":5,"column":27}}],"line":4},"2":{"loc":{"start":{"line":4,"column":13},"end":{"line":4,"column":38}},"type":"binary-expr","locations":[{"start":{"line":4,"column":13},"end":{"line":4,"column":24}},{"start":{"line":4,"column":28},"end":{"line":4,"column":38}}],"line":4}},"s":{"0":3,"1":3,"2":1,"3":2,"4":1,"5":1},"f":{"0":3},"b":{"0":[1,2],"1":[1,1],"2":[2,2]},"_coverageSchema":"1a1c01bbd47fc00a2c39e90264f33305004495a9","hash":"bfd7abe6456d2ed7520dc8274d03aa776b80b6cd"}
}
